<?xml version="1.0" encoding="UTF-8"?>
<testsuite name="invoiceservice.InvoiceServiceTest" tests="1" skipped="0" failures="0" errors="0" timestamp="2020-06-01T14:28:26" hostname="LAPTOP-U0R5V4IK" time="0.421">
  <properties/>
  <testcase name="givenNormalRideWithdistanceAndTime_ShouldReturnTotalFare" classname="invoiceservice.InvoiceServiceTest" time="0.421"/>
  <system-out><![CDATA[]]></system-out>
  <system-err><![CDATA[]]></system-err>
</testsuite>
